============================= test session starts =============================
platform win32 -- Python 3.13.7, pytest-9.0.1, pluggy-1.6.0 -- D:\source\prompts\.venv\Scripts\python.exe
cachedir: .pytest_cache
rootdir: D:\source\prompts
configfile: pytest.ini
plugins: anyio-4.12.0, asyncio-1.3.0, cov-7.0.0, timeout-2.4.0
asyncio: mode=Mode.STRICT, debug=False, asyncio_default_fixture_loop_scope=None, asyncio_default_test_loop_scope=function
collecting ... collected 153 items / 6 errors

=================================== ERRORS ====================================
______ ERROR collecting testing/integration/test_evaluation_agent_e2e.py ______
ImportError while importing test module 'D:\source\prompts\testing\integration\test_evaluation_agent_e2e.py'.
Hint: make sure your test modules/packages have valid Python names.
Traceback:
C:\Python313\Lib\importlib\__init__.py:88: in import_module
    return _bootstrap._gcd_import(name[level:], package, level)
           ^^^^^^^^^^^^^^^^^^^^^^^^^^^^^^^^^^^^^^^^^^^^^^^^^^^^
testing\integration\test_evaluation_agent_e2e.py:19: in <module>
    from tools.evaluation_agent import (
E   ModuleNotFoundError: No module named 'tools.evaluation_agent'
__ ERROR collecting testing/integration/test_evaluation_agent_integration.py __
ImportError while importing test module 'D:\source\prompts\testing\integration\test_evaluation_agent_integration.py'.
Hint: make sure your test modules/packages have valid Python names.
Traceback:
C:\Python313\Lib\importlib\__init__.py:88: in import_module
    return _bootstrap._gcd_import(name[level:], package, level)
           ^^^^^^^^^^^^^^^^^^^^^^^^^^^^^^^^^^^^^^^^^^^^^^^^^^^^
testing\integration\test_evaluation_agent_integration.py:22: in <module>
    from tools.evaluation_agent import (
E   ModuleNotFoundError: No module named 'tools.evaluation_agent'
_________________ ERROR collecting testing/tools/test_cli.py __________________
ImportError while importing test module 'D:\source\prompts\testing\tools\test_cli.py'.
Hint: make sure your test modules/packages have valid Python names.
Traceback:
C:\Python313\Lib\importlib\__init__.py:88: in import_module
    return _bootstrap._gcd_import(name[level:], package, level)
           ^^^^^^^^^^^^^^^^^^^^^^^^^^^^^^^^^^^^^^^^^^^^^^^^^^^^
testing\tools\test_cli.py:11: in <module>
    from tools.cli.main import cli
E   ModuleNotFoundError: No module named 'tools.cli'
___________ ERROR collecting testing/tools/test_evaluation_agent.py ___________
ImportError while importing test module 'D:\source\prompts\testing\tools\test_evaluation_agent.py'.
Hint: make sure your test modules/packages have valid Python names.
Traceback:
C:\Python313\Lib\importlib\__init__.py:88: in import_module
    return _bootstrap._gcd_import(name[level:], package, level)
           ^^^^^^^^^^^^^^^^^^^^^^^^^^^^^^^^^^^^^^^^^^^^^^^^^^^^
testing\tools\test_evaluation_agent.py:27: in <module>
    from tools.evaluation_agent import (
E   ModuleNotFoundError: No module named 'tools.evaluation_agent'
______________ ERROR collecting testing/tools/test_generator.py _______________
ImportError while importing test module 'D:\source\prompts\testing\tools\test_generator.py'.
Hint: make sure your test modules/packages have valid Python names.
Traceback:
C:\Python313\Lib\importlib\__init__.py:88: in import_module
    return _bootstrap._gcd_import(name[level:], package, level)
           ^^^^^^^^^^^^^^^^^^^^^^^^^^^^^^^^^^^^^^^^^^^^^^^^^^^^
testing\tools\test_generator.py:9: in <module>
    from tools.code_generator import UniversalCodeGenerator
E   ModuleNotFoundError: No module named 'tools.code_generator'
____________ ERROR collecting testing/tools/test_llm_connection.py ____________
ImportError while importing test module 'D:\source\prompts\testing\tools\test_llm_connection.py'.
Hint: make sure your test modules/packages have valid Python names.
Traceback:
C:\Python313\Lib\importlib\__init__.py:88: in import_module
    return _bootstrap._gcd_import(name[level:], package, level)
           ^^^^^^^^^^^^^^^^^^^^^^^^^^^^^^^^^^^^^^^^^^^^^^^^^^^^
testing\tools\test_llm_connection.py:16: in <module>
    from tools.llm_client import LLMClient
E   ModuleNotFoundError: No module named 'tools.llm_client'
============================== warnings summary ===============================
testing\framework\core\test_runner.py:24
  D:\source\prompts\testing\framework\core\test_runner.py:24: PytestCollectionWarning: cannot collect test class 'TestType' because it has a __init__ constructor (from: testing/framework/core/test_runner.py)
    class TestType(Enum):

testing\framework\core\test_runner.py:35
  D:\source\prompts\testing\framework\core\test_runner.py:35: PytestCollectionWarning: cannot collect test class 'TestStatus' because it has a __init__ constructor (from: testing/framework/core/test_runner.py)
    class TestStatus(Enum):

testing\framework\core\test_runner.py:45
  D:\source\prompts\testing\framework\core\test_runner.py:45: PytestCollectionWarning: cannot collect test class 'TestCase' because it has a __init__ constructor (from: testing/framework/core/test_runner.py)
    @dataclass

testing\framework\core\test_runner.py:76
  D:\source\prompts\testing\framework\core\test_runner.py:76: PytestCollectionWarning: cannot collect test class 'TestResult' because it has a __init__ constructor (from: testing/framework/core/test_runner.py)
    @dataclass

-- Docs: https://docs.pytest.org/en/stable/how-to/capture-warnings.html
=========================== short test summary info ===========================
ERROR testing/integration/test_evaluation_agent_e2e.py
ERROR testing/integration/test_evaluation_agent_integration.py
ERROR testing/tools/test_cli.py
ERROR testing/tools/test_evaluation_agent.py
ERROR testing/tools/test_generator.py
ERROR testing/tools/test_llm_connection.py
!!!!!!!!!!!!!!!!!!! Interrupted: 6 errors during collection !!!!!!!!!!!!!!!!!!!
======================== 4 warnings, 6 errors in 0.26s ========================
